<?xml version="1.0" encoding="UTF-8"?>
<!-- Generated by org.testng.reporters.JUnitXMLReporter -->
<testsuite hostname="DESKTOP-5VKH5IB" ignored="0" name="Test" tests="6" failures="0" timestamp="16 May 2020 03:07:29 GMT" time="0.045" errors="0">
  <testcase name="Androied" time="0.005" classname="ShaileshTest.Maven.AppiumTest"/>
  <testcase name="IOS" time="0.0" classname="ShaileshTest.Maven.AppiumTest"/>
  <testcase name="JSON" time="0.0" classname="ShaileshTest.Maven.RestAPITest"/>
  <testcase name="XML" time="0.0" classname="ShaileshTest.Maven.RestAPITest"/>
  <testcase name="BrowsweTest" time="0.0" classname="ShaileshTest.Maven.seleniumTest"/>
  <testcase name="UITEST" time="0.001" classname="ShaileshTest.Maven.seleniumTest"/>
</testsuite> <!-- Test -->
