<?xml version="1.0" encoding="UTF-8"?>
<testng-results skipped="0" failed="0" ignored="0" total="2" passed="2">
  <reporter-output>
  </reporter-output>
  <suite name="Surefire suite" duration-ms="49" started-at="2020-05-16T03:12:22Z" finished-at="2020-05-16T03:12:22Z">
    <groups>
    </groups>
    <test name="Surefire test" duration-ms="49" started-at="2020-05-16T03:12:22Z" finished-at="2020-05-16T03:12:22Z">
      <class name="ShaileshTest.Maven.AppiumTest">
        <test-method status="PASS" signature="Androied()[pri:0, instance:ShaileshTest.Maven.AppiumTest@51081592]" name="Androied" duration-ms="7" started-at="2020-05-16T03:12:22Z" finished-at="2020-05-16T03:12:22Z">
          <reporter-output>
          </reporter-output>
        </test-method> <!-- Androied -->
        <test-method status="PASS" signature="IOS()[pri:0, instance:ShaileshTest.Maven.AppiumTest@51081592]" name="IOS" duration-ms="2" started-at="2020-05-16T03:12:22Z" finished-at="2020-05-16T03:12:22Z">
          <reporter-output>
          </reporter-output>
        </test-method> <!-- IOS -->
      </class> <!-- ShaileshTest.Maven.AppiumTest -->
    </test> <!-- Surefire test -->
  </suite> <!-- Surefire suite -->
</testng-results>
