<?xml version="1.0" encoding="UTF-8"?>
<testng-results skipped="0" failed="0" ignored="0" total="2" passed="2">
  <reporter-output>
  </reporter-output>
  <suite name="Default suite" duration-ms="50" started-at="2020-05-13T16:01:02 IST" finished-at="2020-05-13T16:01:02 IST">
    <groups>
    </groups>
    <test name="Default test" duration-ms="50" started-at="2020-05-13T16:01:02 IST" finished-at="2020-05-13T16:01:02 IST">
      <class name="ShaileshTest.Maven.AppiumTest">
        <test-method status="PASS" signature="Androied()[pri:0, instance:ShaileshTest.Maven.AppiumTest@6b57696f]" name="Androied" duration-ms="7" started-at="2020-05-13T16:01:02 IST" finished-at="2020-05-13T16:01:02 IST">
          <reporter-output>
          </reporter-output>
        </test-method> <!-- Androied -->
        <test-method status="PASS" signature="IOS()[pri:0, instance:ShaileshTest.Maven.AppiumTest@6b57696f]" name="IOS" duration-ms="1" started-at="2020-05-13T16:01:02 IST" finished-at="2020-05-13T16:01:02 IST">
          <reporter-output>
          </reporter-output>
        </test-method> <!-- IOS -->
      </class> <!-- ShaileshTest.Maven.AppiumTest -->
    </test> <!-- Default test -->
  </suite> <!-- Default suite -->
</testng-results>
